0	1	mikroCPIC1618.exe -MSF -DBG -pP18F452 -DL -O11111114 -fo8 -N"C:\Users\owner\Desktop\Yash\Trial(Latest Updated)\Door locking system.mcppi" -SP"C:\Users\Public\Documents\Mikroelektronika\mikroC PRO for PIC\defs\" -SP"C:\Users\Public\Documents\Mikroelektronika\mikroC PRO for PIC\uses\P18\" -SP"C:\Users\owner\Desktop\Yash\Trial(Latest Updated)\" -SP"C:\Users\owner\Desktop\Trial(Latest Updated)\" -SP"F:\2015 All Data\MikroC\mikroC PRO for PIC\defs\" -SP"F:\2015 All Data\MikroC\mikroC PRO for PIC\uses\P18\" -SP"C:\Documents and Settings\a\Desktop\Trial\" "Door locking system.c" "__Lib_Math.mcl" "__Lib_MathDouble.mcl" "__Lib_System.mcl" "__Lib_Delays.mcl" "__Lib_CType.mcl" "__Lib_CString.mcl" "__Lib_CStdlib.mcl" "__Lib_CMath.mcl" "__Lib_MemManager.mcl" "__Lib_Conversions.mcl" "__Lib_Sprintf.mcl" "__Lib_PrintOut.mcl" "__Lib_Sprinti.mcl" "__Lib_Sprintl.mcl" "__Lib_Time.mcl" "__Lib_Trigonometry.mcl" "__Lib_Button.mcl" "__Lib_Keypad4x4.mcl" "__Lib_Manchester.mcl" "__Lib_OneWire.mcl" "__Lib_PS2.mcl" "__Lib_Sound.mcl" "__Lib_SoftI2C.mcl" "__Lib_SoftSPI.mcl" "__Lib_SoftUART.mcl" "__Lib_ADC_A_C.mcl" "__Lib_EEPROM_256.mcl" "__Lib_FLASH_w8_e64.mcl" "__Lib_I2C_c34.mcl" "__Lib_PWM_c21.mcl" "__Lib_SPI_c345.mcl" "__Lib_UART_c67.mcl" "__Lib_PortExpander.mcl" "__Lib_CANSPI.mcl" "__Lib_CF.mcl" "__Lib_CFFat16.mcl" "__Lib_GlcdFonts.mcl" "__Lib_Glcd.mcl" "__Lib_LcdConsts.mcl" "__Lib_Lcd.mcl" "__Lib_Mmc.mcl" "__Lib_MmcFat16.mcl" "__Lib_MmcFat16Constants.mcl" "__Lib_RS485.mcl" "__Lib_S1D13700.mcl" "__Lib_T6963C.mcl" "__Lib_SPIGlcd.mcl" "__Lib_SPILcd.mcl" "__Lib_SPILcd8.mcl" "__Lib_SPIT6963C.mcl" "__Lib_EthEnc28j60.mcl" "__Lib_TFT.mcl" "__Lib_TFT_16bit.mcl" "__Lib_TouchPanel_TFT.mcl" "__Lib_EthEnc24j600.mcl" "__Lib_TouchPanel.mcl"	 
warning: 0	1501	Specified search path does not exist: 'C:\Users\owner\Desktop\Trial(Latest Updated)'	 
warning: 0	1501	Specified search path does not exist: 'F:\2015 All Data\MikroC\mikroC PRO for PIC\defs'	 
warning: 0	1501	Specified search path does not exist: 'F:\2015 All Data\MikroC\mikroC PRO for PIC\uses\P18'	 
warning: 0	1501	Specified search path does not exist: 'C:\Documents and Settings\a\Desktop\Trial'	 
hint: 0	1139	Available RAM: 1515 [bytes], Available ROM: 32768 [bytes]	 
diagnostics: 0	126	All files Preprocessed in 63 ms	 
diagnostics: 0	122	Compilation Started	Door locking system.c
hint: 188	1163	Variable 't' has been declared, but not used	Door locking system.c
hint: 188	1163	Variable 't1' has been declared, but not used	Door locking system.c
hint: 189	1163	Variable 'Display2' has been declared, but not used	Door locking system.c
hint: 189	1163	Variable 'vDisp2' has been declared, but not used	Door locking system.c
hint: 190	1163	Variable 'txt' has been declared, but not used	Door locking system.c
hint: 190	1163	Variable 'actual_txt' has been declared, but not used	Door locking system.c
hint: 258	1163	Variable 'i' has been declared, but not used	Door locking system.c
hint: 358	1163	Variable 'ch' has been declared, but not used	Door locking system.c
hint: 522	1163	Variable 'recheck' has been declared, but not used	Door locking system.c
hint: 522	1163	Variable 'recheck1' has been declared, but not used	Door locking system.c
hint: 523	1163	Variable 'take' has been declared, but not used	Door locking system.c
hint: 524	1163	Variable 't' has been declared, but not used	Door locking system.c
hint: 525	1163	Variable 'txt' has been declared, but not used	Door locking system.c
diagnostics: 641	123	Compiled Successfully	Door locking system.c
hint: 523	1164	Variable 's' has been eliminated by optimizer	Door locking system.c
hint: 523	1164	Variable 'res' has been eliminated by optimizer	Door locking system.c
hint: 523	1164	Variable 'check' has been eliminated by optimizer	Door locking system.c
diagnostics: 0	127	All files Compiled in 187 ms	 
hint: 0	1144	Used RAM (bytes): 611 (40%)  Free RAM (bytes): 904 (60%)	Used RAM (bytes): 611 (40%)  Free RAM (bytes): 904 (60%)
hint: 0	1144	Used ROM (bytes): 6229 (19%)  Free ROM (bytes): 26539 (81%)	Used ROM (bytes): 6229 (19%)  Free ROM (bytes): 26539 (81%)
diagnostics: 0	125	Project Linked Successfully	Door locking system.mcppi
diagnostics: 0	128	Linked in 391 ms	 
diagnostics: 0	129	Project 'Door locking system.mcppi' completed: 797 ms	 
diagnostics: 0	103	Finished successfully: 18 Apr 2015, 01:32:42	Door locking system.mcppi
